{
  "RSpec": {
    "coverage": {
      "/Users/admin/Projects/Week 4 Databases/bookmarks/spec/features/clicking_a_bookmark_spec.rb": [
        1,
        1,
        1,
        1,
        null,
        null
      ],
      "/Users/admin/Projects/Week 4 Databases/bookmarks/spec/features/deleting_bookmark_spec.rb": [
        1,
        1,
        1,
        1,
        1,
        1,
        1,
        null,
        null,
        1,
        1,
        1,
        null,
        null
      ],
      "/Users/admin/Projects/Week 4 Databases/bookmarks/spec/features/index_page_spec.rb": [
        1,
        null,
        1,
        1,
        1,
        1,
        null,
        null
      ],
      "/Users/admin/Projects/Week 4 Databases/bookmarks/spec/features/updating_a_bookmark_spec.rb": [
        1,
        1,
        1,
        1,
        null,
        1,
        1,
        1,
        null,
        1,
        1,
        null,
        null,
        null
      ],
      "/Users/admin/Projects/Week 4 Databases/bookmarks/spec/features/viewing_bookmark_spec.rb": [
        1,
        null,
        1,
        1,
        1,
        1,
        null,
        null,
        null,
        null,
        1,
        1,
        1,
        null,
        null
      ]
    },
    "timestamp": 1540478257
  }
}
