{
  "RSpec": {
    "coverage": {
      "/Users/williammuxworthy/Documents/makers_academy/week4/bookmarks/spec/features/index_page_spec.rb": [
        1,
        null,
        1,
        1,
        1,
        1,
        null,
        null
      ],
      "/Users/williammuxworthy/Documents/makers_academy/week4/bookmarks/spec/features/viewing_bookmark_spec.rb": [
        1,
        null,
        1,
        1,
        1,
        1,
        null,
        null,
        null,
        null,
        1,
        1,
        1,
        null,
        null
      ]
    },
    "timestamp": 1540396118
  }
}
